<?xml version="1.0" encoding="UTF-8"?>
<!-- Generated by org.testng.reporters.JUnitXMLReporter -->
<testsuite ignored="6" hostname="LTIN202836" failures="0" tests="20" name="Default test" time="0.287" errors="0" timestamp="2024-02-23T16:30:41 IST">
  <testcase classname="testBase.BaseClass" name="@BeforeTest setup" time="-1.70868604135E9">
    <failure type="org.testng.TestNGException" message="
Parameter &amp;apos;browser&amp;apos; is required by BeforeTest on method setup but has not been marked @Optional or defined
in C:\Users\2304015\AppData\Local\Temp\13\testng-eclipse-531224119\testng-customsuite.xml">
      <![CDATA[org.testng.TestNGException: 
Parameter 'browser' is required by BeforeTest on method setup but has not been marked @Optional or defined
in C:\Users\2304015\AppData\Local\Temp\13\testng-eclipse-531224119\testng-customsuite.xml
at org.testng.internal.Parameters.createParams(Parameters.java:270)
at org.testng.internal.Parameters.createParametersForMethod(Parameters.java:358)
at org.testng.internal.Parameters.createParameters(Parameters.java:700)
at org.testng.internal.Parameters.createConfigurationParameters(Parameters.java:168)
at org.testng.internal.ConfigInvoker.invokeConfigurations(ConfigInvoker.java:302)
at org.testng.TestRunner.invokeTestConfigurations(TestRunner.java:637)
at org.testng.TestRunner.beforeRun(TestRunner.java:627)
at org.testng.TestRunner.run(TestRunner.java:589)
at org.testng.SuiteRunner.runTest(SuiteRunner.java:377)
at org.testng.SuiteRunner.runSequentially(SuiteRunner.java:371)
at org.testng.SuiteRunner.privateRun(SuiteRunner.java:332)
at org.testng.SuiteRunner.run(SuiteRunner.java:276)
at org.testng.SuiteRunnerWorker.runSuite(SuiteRunnerWorker.java:53)
at org.testng.SuiteRunnerWorker.run(SuiteRunnerWorker.java:96)
at org.testng.TestNG.runSuitesSequentially(TestNG.java:1212)
at org.testng.TestNG.runSuitesLocally(TestNG.java:1134)
at org.testng.TestNG.runSuites(TestNG.java:1063)
at org.testng.TestNG.run(TestNG.java:1031)
at org.testng.remote.AbstractRemoteTestNG.run(AbstractRemoteTestNG.java:115)
at org.testng.remote.RemoteTestNG.initAndRun(RemoteTestNG.java:251)
at org.testng.remote.RemoteTestNG.main(RemoteTestNG.java:77)
]]>
    </failure>
  </testcase> <!-- @BeforeTest setup -->
  <testcase classname="testBase.BaseClass" name="@AfterTest setdown" time="-1.708686041621E9">
    <skipped/>
  </testcase> <!-- @AfterTest setdown -->
  <testcase classname="testCases.TestCase01" name="searchbookshelves" time="0.0">
    <skipped/>
  </testcase> <!-- searchbookshelves -->
  <testcase classname="testCases.TestCase01" name="searchbutton" time="0.0">
    <skipped/>
  </testcase> <!-- searchbutton -->
  <testcase classname="testCases.TestCase02" name="popup" time="0.0">
    <skipped/>
  </testcase> <!-- popup -->
  <testcase classname="testCases.TestCase02" name="func" time="0.0">
    <skipped/>
  </testcase> <!-- func -->
  <testcase classname="testCases.TestCase02" name="click" time="0.0">
    <skipped/>
  </testcase> <!-- click -->
  <testcase classname="testCases.TestCase02" name="searchprice" time="0.0">
    <skipped/>
  </testcase> <!-- searchprice -->
  <testcase classname="testCases.TestCase02" name="move" time="0.0">
    <skipped/>
  </testcase> <!-- move -->
  <testcase classname="testCases.TestCase02" name="exclude" time="0.0">
    <skipped/>
  </testcase> <!-- exclude -->
  <testcase classname="testCases.TestCase02" name="action" time="0.0">
    <skipped/>
  </testcase> <!-- action -->
  <testcase classname="testCases.TestCase02" name="operation" time="0.0">
    <skipped/>
  </testcase> <!-- operation -->
  <testcase classname="testCases.TestCase02" name="printprice" time="0.0">
    <skipped/>
  </testcase> <!-- printprice -->
  <testcase classname="testCases.TestCase03" name="getliving" time="0.0">
    <skipped/>
  </testcase> <!-- getliving -->
  <testcase classname="testCases.TestCase03" name="getvalue" time="0.0">
    <skipped/>
  </testcase> <!-- getvalue -->
  <testcase classname="testCases.TestCase03" name="scrolldown" time="0.0">
    <skipped/>
  </testcase> <!-- scrolldown -->
  <testcase classname="testCases.TestCase03" name="cards" time="0.0">
    <skipped/>
  </testcase> <!-- cards -->
  <testcase classname="testCases.TestCase03" name="entervalues" time="0.0">
    <skipped/>
  </testcase> <!-- entervalues -->
  <testcase classname="testCases.TestCase03" name="method" time="0.0">
    <skipped/>
  </testcase> <!-- method -->
  <testcase classname="testCases.TestCase03" name="enterdetails" time="0.0">
    <skipped/>
  </testcase> <!-- enterdetails -->
  <testcase classname="testCases.TestCase03" name="validatemsg" time="0.0">
    <skipped/>
  </testcase> <!-- validatemsg -->
  <testcase classname="testCases.TestCase03" name="correctmsg" time="0.0">
    <skipped/>
  </testcase> <!-- correctmsg -->
  <testcase classname="testBase.BaseClass" name="@BeforeTest setup" time="0.0">
    <ignored/>
  </testcase> <!-- @BeforeTest setup -->
  <testcase classname="testBase.BaseClass" name="@BeforeTest setup" time="0.0">
    <ignored/>
  </testcase> <!-- @BeforeTest setup -->
  <testcase classname="testBase.BaseClass" name="@BeforeTest setup" time="0.0">
    <ignored/>
  </testcase> <!-- @BeforeTest setup -->
  <testcase classname="testBase.BaseClass" name="@AfterTest setdown" time="0.0">
    <ignored/>
  </testcase> <!-- @AfterTest setdown -->
  <testcase classname="testBase.BaseClass" name="@AfterTest setdown" time="0.0">
    <ignored/>
  </testcase> <!-- @AfterTest setdown -->
  <testcase classname="testBase.BaseClass" name="@AfterTest setdown" time="0.0">
    <ignored/>
  </testcase> <!-- @AfterTest setdown -->
</testsuite> <!-- Default test -->
